<?xml version="1.0" encoding="UTF-8"?>
<testng-results skipped="0" failed="0" ignored="0" total="1" passed="1">
  <reporter-output>
  </reporter-output>
  <suite name="Default suite" duration-ms="56209" started-at="2018-07-10T06:13:00Z" finished-at="2018-07-10T06:13:56Z">
    <groups>
    </groups>
    <test name="Default test" duration-ms="56209" started-at="2018-07-10T06:13:00Z" finished-at="2018-07-10T06:13:56Z">
      <class name="com.roi.selenium.Demo1">
        <test-method status="PASS" signature="Initialise()[pri:0, instance:com.roi.selenium.Demo1@ae45eb6]" name="Initialise" is-config="true" duration-ms="9143" started-at="2018-07-10T06:13:00Z" finished-at="2018-07-10T06:13:09Z">
          <reporter-output>
          </reporter-output>
        </test-method> <!-- Initialise -->
        <test-method status="PASS" signature="test()[pri:0, instance:com.roi.selenium.Demo1@ae45eb6]" name="test" duration-ms="46855" started-at="2018-07-10T06:13:09Z" finished-at="2018-07-10T06:13:56Z">
          <reporter-output>
          </reporter-output>
        </test-method> <!-- test -->
        <test-method status="PASS" signature="close()[pri:0, instance:com.roi.selenium.Demo1@ae45eb6]" name="close" is-config="true" duration-ms="115" started-at="2018-07-10T06:13:56Z" finished-at="2018-07-10T06:13:56Z">
          <reporter-output>
          </reporter-output>
        </test-method> <!-- close -->
      </class> <!-- com.roi.selenium.Demo1 -->
    </test> <!-- Default test -->
  </suite> <!-- Default suite -->
</testng-results>
